<?xml version="1.0" encoding="UTF-8"?>
<!-- Generated by org.testng.reporters.JUnitReportReporter -->
<testsuite hostname="LAPTOP-G95SK00N" failures="0" tests="1" name="Pageclasses.Testclasses" time="46.155" errors="0" timestamp="06 Apr 2022 11:05:40 GMT" skipped="0">
  <testcase classname="Pageclasses.Testclasses" name="teshomepage" time="46.155"/>
</testsuite> <!-- Pageclasses.Testclasses -->
